# JRE version: Java(TM) SE Runtime Environment (8.0_161-b12) (build 1.8.0_161-b12)
# Java VM: Java HotSpot(TM) 64-Bit Server VM (25.161-b12 mixed mode windows-amd64 compressed oops)
Heap:
 PSYoungGen      total 70656K, used 63427K [0x00000000d6180000, 0x00000000e0780000, 0x0000000100000000)
  eden space 65536K, 88% used [0x00000000d6180000,0x00000000d9a746a8,0x00000000da180000)
  from space 5120K, 99% used [0x00000000da180000,0x00000000da67c7b8,0x00000000da680000)
  to   space 19456K, 0% used [0x00000000df480000,0x00000000df480000,0x00000000e0780000)
 ParOldGen       total 86016K, used 28852K [0x0000000082400000, 0x0000000087800000, 0x00000000d6180000)
  object space 86016K, 33% used [0x0000000082400000,0x000000008402d258,0x0000000087800000)
 Metaspace       used 13147K, capacity 13480K, committed 13696K, reserved 1060864K
  class space    used 1419K, capacity 1554K, committed 1664K, reserved 1048576K
GC Heap History (10 events):
Event: 22.201 GC heap before
{Heap before GC invocations=5 (full 2):
 PSYoungGen      total 37888K, used 32749K [0x00000000d6180000, 0x00000000d8b80000, 0x0000000100000000)
  eden space 32768K, 99% used [0x00000000d6180000,0x00000000d817b6b0,0x00000000d8180000)
  from space 5120K, 0% used [0x00000000d8680000,0x00000000d8680000,0x00000000d8b80000)
  to   space 5120K, 0% used [0x00000000d8180000,0x00000000d8180000,0x00000000d8680000)
 ParOldGen       total 86016K, used 1980K [0x0000000082400000, 0x0000000087800000, 0x00000000d6180000)
  object space 86016K, 2% used [0x0000000082400000,0x00000000825ef268,0x0000000087800000)
 Metaspace       used 12818K, capacity 13104K, committed 13312K, reserved 1060864K
  class space    used 1414K, capacity 1520K, committed 1536K, reserved 1048576K
Event: 22.212 GC heap after
Heap after GC invocations=5 (full 2):
 PSYoungGen      total 37888K, used 5098K [0x00000000d6180000, 0x00000000d8b80000, 0x0000000100000000)
  eden space 32768K, 0% used [0x00000000d6180000,0x00000000d6180000,0x00000000d8180000)
  from space 5120K, 99% used [0x00000000d8180000,0x00000000d867ab78,0x00000000d8680000)
  to   space 5120K, 0% used [0x00000000d8680000,0x00000000d8680000,0x00000000d8b80000)
 ParOldGen       total 86016K, used 5331K [0x0000000082400000, 0x0000000087800000, 0x00000000d6180000)
  object space 86016K, 6% used [0x0000000082400000,0x0000000082934ca8,0x0000000087800000)
 Metaspace       used 12818K, capacity 13104K, committed 13312K, reserved 1060864K
  class space    used 1414K, capacity 1520K, committed 1536K, reserved 1048576K
}
Event: 22.265 GC heap before
{Heap before GC invocations=6 (full 2):
 PSYoungGen      total 37888K, used 37866K [0x00000000d6180000, 0x00000000d8b80000, 0x0000000100000000)
  eden space 32768K, 100% used [0x00000000d6180000,0x00000000d8180000,0x00000000d8180000)
  from space 5120K, 99% used [0x00000000d8180000,0x00000000d867ab78,0x00000000d8680000)
  to   space 5120K, 0% used [0x00000000d8680000,0x00000000d8680000,0x00000000d8b80000)
 ParOldGen       total 86016K, used 5331K [0x0000000082400000, 0x0000000087800000, 0x00000000d6180000)
  object space 86016K, 6% used [0x0000000082400000,0x0000000082934ca8,0x0000000087800000)
 Metaspace       used 12822K, capacity 13104K, committed 13312K, reserved 1060864K
  class space    used 1414K, capacity 1520K, committed 1536K, reserved 1048576K
Event: 22.271 GC heap after
Heap after GC invocations=6 (full 2):
 PSYoungGen      total 37888K, used 5094K [0x00000000d6180000, 0x00000000dab80000, 0x0000000100000000)
  eden space 32768K, 0% used [0x00000000d6180000,0x00000000d6180000,0x00000000d8180000)
  from space 5120K, 99% used [0x00000000d8680000,0x00000000d8b79868,0x00000000d8b80000)
  to   space 5120K, 0% used [0x00000000d8180000,0x00000000d8180000,0x00000000d8680000)
 ParOldGen       total 86016K, used 7050K [0x0000000082400000, 0x0000000087800000, 0x00000000d6180000)
  object space 86016K, 8% used [0x0000000082400000,0x0000000082ae2888,0x0000000087800000)
 Metaspace       used 12822K, capacity 13104K, committed 13312K, reserved 1060864K
  class space    used 1414K, capacity 1520K, committed 1536K, reserved 1048576K
}
Event: 28.545 GC heap before
{Heap before GC invocations=7 (full 2):
 PSYoungGen      total 37888K, used 37862K [0x00000000d6180000, 0x00000000dab80000, 0x0000000100000000)
  eden space 32768K, 100% used [0x00000000d6180000,0x00000000d8180000,0x00000000d8180000)
  from space 5120K, 99% used [0x00000000d8680000,0x00000000d8b79868,0x00000000d8b80000)
  to   space 5120K, 0% used [0x00000000d8180000,0x00000000d8180000,0x00000000d8680000)
 ParOldGen       total 86016K, used 7050K [0x0000000082400000, 0x0000000087800000, 0x00000000d6180000)
  object space 86016K, 8% used [0x0000000082400000,0x0000000082ae2888,0x0000000087800000)
 Metaspace       used 13113K, capacity 13416K, committed 13696K, reserved 1060864K
  class space    used 1419K, capacity 1554K, committed 1664K, reserved 1048576K
Event: 28.547 GC heap after
Heap after GC invocations=7 (full 2):
 PSYoungGen      total 37888K, used 1312K [0x00000000d6180000, 0x00000000dab80000, 0x0000000100000000)
  eden space 32768K, 0% used [0x00000000d6180000,0x00000000d6180000,0x00000000d8180000)
  from space 5120K, 25% used [0x00000000d8180000,0x00000000d82c8010,0x00000000d8680000)
  to   space 5120K, 0% used [0x00000000da680000,0x00000000da680000,0x00000000dab80000)
 ParOldGen       total 86016K, used 7058K [0x0000000082400000, 0x0000000087800000, 0x00000000d6180000)
  object space 86016K, 8% used [0x0000000082400000,0x0000000082ae4888,0x0000000087800000)
 Metaspace       used 13113K, capacity 13416K, committed 13696K, reserved 1060864K
  class space    used 1419K, capacity 1554K, committed 1664K, reserved 1048576K
}
Event: 29.208 GC heap before
{Heap before GC invocations=8 (full 2):
 PSYoungGen      total 37888K, used 34080K [0x00000000d6180000, 0x00000000dab80000, 0x0000000100000000)
  eden space 32768K, 100% used [0x00000000d6180000,0x00000000d8180000,0x00000000d8180000)
  from space 5120K, 25% used [0x00000000d8180000,0x00000000d82c8010,0x00000000d8680000)
  to   space 5120K, 0% used [0x00000000da680000,0x00000000da680000,0x00000000dab80000)
 ParOldGen       total 86016K, used 7058K [0x0000000082400000, 0x0000000087800000, 0x00000000d6180000)
  object space 86016K, 8% used [0x0000000082400000,0x0000000082ae4888,0x0000000087800000)
 Metaspace       used 13117K, capacity 13416K, committed 13696K, reserved 1060864K
  class space    used 1419K, capacity 1554K, committed 1664K, reserved 1048576K
Event: 29.225 GC heap after
Heap after GC invocations=8 (full 2):
 PSYoungGen      total 70656K, used 5102K [0x00000000d6180000, 0x00000000dab80000, 0x0000000100000000)
  eden space 65536K, 0% used [0x00000000d6180000,0x00000000d6180000,0x00000000da180000)
  from space 5120K, 99% used [0x00000000da680000,0x00000000dab7bab0,0x00000000dab80000)
  to   space 5120K, 0% used [0x00000000da180000,0x00000000da180000,0x00000000da680000)
 ParOldGen       total 86016K, used 21670K [0x0000000082400000, 0x0000000087800000, 0x00000000d6180000)
  object space 86016K, 25% used [0x0000000082400000,0x0000000083929848,0x0000000087800000)
 Metaspace       used 13117K, capacity 13416K, committed 13696K, reserved 1060864K
  class space    used 1419K, capacity 1554K, committed 1664K, reserved 1048576K
}
Event: 35.764 GC heap before
{Heap before GC invocations=9 (full 2):
 PSYoungGen      total 70656K, used 70638K [0x00000000d6180000, 0x00000000dab80000, 0x0000000100000000)
  eden space 65536K, 100% used [0x00000000d6180000,0x00000000da180000,0x00000000da180000)
  from space 5120K, 99% used [0x00000000da680000,0x00000000dab7bab0,0x00000000dab80000)
  to   space 5120K, 0% used [0x00000000da180000,0x00000000da180000,0x00000000da680000)
 ParOldGen       total 86016K, used 21670K [0x0000000082400000, 0x0000000087800000, 0x00000000d6180000)
  object space 86016K, 25% used [0x0000000082400000,0x0000000083929848,0x0000000087800000)
 Metaspace       used 13140K, capacity 13480K, committed 13696K, reserved 1060864K
  class space    used 1419K, capacity 1554K, committed 1664K, reserved 1048576K
Event: 35.774 GC heap after
Heap after GC invocations=9 (full 2):
 PSYoungGen      total 70656K, used 5105K [0x00000000d6180000, 0x00000000e0780000, 0x0000000100000000)
  eden space 65536K, 0% used [0x00000000d6180000,0x00000000d6180000,0x00000000da180000)
  from space 5120K, 99% used [0x00000000da180000,0x00000000da67c7b8,0x00000000da680000)
  to   space 19456K, 0% used [0x00000000df480000,0x00000000df480000,0x00000000e0780000)
 ParOldGen       total 86016K, used 28852K [0x0000000082400000, 0x0000000087800000, 0x00000000d6180000)
  object space 86016K, 33% used [0x0000000082400000,0x000000008402d258,0x0000000087800000)
 Metaspace       used 13140K, capacity 13480K, committed 13696K, reserved 1060864K
  class space    used 1419K, capacity 1554K, committed 1664K, reserved 1048576K
}

