# JRE version: Java(TM) SE Runtime Environment (8.0_161-b12) (build 1.8.0_161-b12)
# Java VM: Java HotSpot(TM) 64-Bit Server VM (25.161-b12 mixed mode windows-amd64 compressed oops)
Heap:
 PSYoungGen      total 70656K, used 56934K [0x00000000d6180000, 0x00000000dab80000, 0x0000000100000000)
  eden space 65536K, 79% used [0x00000000d6180000,0x00000000d9420960,0x00000000da180000)
  from space 5120K, 99% used [0x00000000da680000,0x00000000dab790e0,0x00000000dab80000)
  to   space 5120K, 0% used [0x00000000da180000,0x00000000da180000,0x00000000da680000)
 ParOldGen       total 86016K, used 21664K [0x0000000082400000, 0x0000000087800000, 0x00000000d6180000)
  object space 86016K, 25% used [0x0000000082400000,0x0000000083928368,0x0000000087800000)
 Metaspace       used 13155K, capacity 13544K, committed 13696K, reserved 1060864K
  class space    used 1419K, capacity 1554K, committed 1664K, reserved 1048576K
GC Heap History (10 events):
Event: 0.679 GC heap before
{Heap before GC invocations=4 (full 2):
 PSYoungGen      total 37888K, used 352K [0x00000000d6180000, 0x00000000d8b80000, 0x0000000100000000)
  eden space 32768K, 0% used [0x00000000d6180000,0x00000000d6180000,0x00000000d8180000)
  from space 5120K, 6% used [0x00000000d8680000,0x00000000d86d8000,0x00000000d8b80000)
  to   space 5120K, 0% used [0x00000000d8180000,0x00000000d8180000,0x00000000d8680000)
 ParOldGen       total 86016K, used 2146K [0x0000000082400000, 0x0000000087800000, 0x00000000d6180000)
  object space 86016K, 2% used [0x0000000082400000,0x0000000082618a08,0x0000000087800000)
 Metaspace       used 10250K, capacity 10538K, committed 10880K, reserved 1058816K
  class space    used 1199K, capacity 1287K, committed 1408K, reserved 1048576K
Event: 0.706 GC heap after
Heap after GC invocations=4 (full 2):
 PSYoungGen      total 37888K, used 0K [0x00000000d6180000, 0x00000000d8b80000, 0x0000000100000000)
  eden space 32768K, 0% used [0x00000000d6180000,0x00000000d6180000,0x00000000d8180000)
  from space 5120K, 0% used [0x00000000d8680000,0x00000000d8680000,0x00000000d8b80000)
  to   space 5120K, 0% used [0x00000000d8180000,0x00000000d8180000,0x00000000d8680000)
 ParOldGen       total 86016K, used 1980K [0x0000000082400000, 0x0000000087800000, 0x00000000d6180000)
  object space 86016K, 2% used [0x0000000082400000,0x00000000825ef268,0x0000000087800000)
 Metaspace       used 10250K, capacity 10538K, committed 10880K, reserved 1058816K
  class space    used 1199K, capacity 1287K, committed 1408K, reserved 1048576K
}
Event: 22.208 GC heap before
{Heap before GC invocations=5 (full 2):
 PSYoungGen      total 37888K, used 32750K [0x00000000d6180000, 0x00000000d8b80000, 0x0000000100000000)
  eden space 32768K, 99% used [0x00000000d6180000,0x00000000d817baf0,0x00000000d8180000)
  from space 5120K, 0% used [0x00000000d8680000,0x00000000d8680000,0x00000000d8b80000)
  to   space 5120K, 0% used [0x00000000d8180000,0x00000000d8180000,0x00000000d8680000)
 ParOldGen       total 86016K, used 1980K [0x0000000082400000, 0x0000000087800000, 0x00000000d6180000)
  object space 86016K, 2% used [0x0000000082400000,0x00000000825ef268,0x0000000087800000)
 Metaspace       used 12820K, capacity 13104K, committed 13312K, reserved 1060864K
  class space    used 1414K, capacity 1520K, committed 1536K, reserved 1048576K
Event: 22.216 GC heap after
Heap after GC invocations=5 (full 2):
 PSYoungGen      total 37888K, used 5088K [0x00000000d6180000, 0x00000000d8b80000, 0x0000000100000000)
  eden space 32768K, 0% used [0x00000000d6180000,0x00000000d6180000,0x00000000d8180000)
  from space 5120K, 99% used [0x00000000d8180000,0x00000000d86783a8,0x00000000d8680000)
  to   space 5120K, 0% used [0x00000000d8680000,0x00000000d8680000,0x00000000d8b80000)
 ParOldGen       total 86016K, used 5337K [0x0000000082400000, 0x0000000087800000, 0x00000000d6180000)
  object space 86016K, 6% used [0x0000000082400000,0x00000000829364f0,0x0000000087800000)
 Metaspace       used 12820K, capacity 13104K, committed 13312K, reserved 1060864K
  class space    used 1414K, capacity 1520K, committed 1536K, reserved 1048576K
}
Event: 22.271 GC heap before
{Heap before GC invocations=6 (full 2):
 PSYoungGen      total 37888K, used 37856K [0x00000000d6180000, 0x00000000d8b80000, 0x0000000100000000)
  eden space 32768K, 100% used [0x00000000d6180000,0x00000000d8180000,0x00000000d8180000)
  from space 5120K, 99% used [0x00000000d8180000,0x00000000d86783a8,0x00000000d8680000)
  to   space 5120K, 0% used [0x00000000d8680000,0x00000000d8680000,0x00000000d8b80000)
 ParOldGen       total 86016K, used 5337K [0x0000000082400000, 0x0000000087800000, 0x00000000d6180000)
  object space 86016K, 6% used [0x0000000082400000,0x00000000829364f0,0x0000000087800000)
 Metaspace       used 12824K, capacity 13104K, committed 13312K, reserved 1060864K
  class space    used 1414K, capacity 1520K, committed 1536K, reserved 1048576K
Event: 22.276 GC heap after
Heap after GC invocations=6 (full 2):
 PSYoungGen      total 37888K, used 5104K [0x00000000d6180000, 0x00000000dab80000, 0x0000000100000000)
  eden space 32768K, 0% used [0x00000000d6180000,0x00000000d6180000,0x00000000d8180000)
  from space 5120K, 99% used [0x00000000d8680000,0x00000000d8b7c020,0x00000000d8b80000)
  to   space 5120K, 0% used [0x00000000d8180000,0x00000000d8180000,0x00000000d8680000)
 ParOldGen       total 86016K, used 7019K [0x0000000082400000, 0x0000000087800000, 0x00000000d6180000)
  object space 86016K, 8% used [0x0000000082400000,0x0000000082adaf30,0x0000000087800000)
 Metaspace       used 12824K, capacity 13104K, committed 13312K, reserved 1060864K
  class space    used 1414K, capacity 1520K, committed 1536K, reserved 1048576K
}
Event: 33.192 GC heap before
{Heap before GC invocations=7 (full 2):
 PSYoungGen      total 37888K, used 37872K [0x00000000d6180000, 0x00000000dab80000, 0x0000000100000000)
  eden space 32768K, 100% used [0x00000000d6180000,0x00000000d8180000,0x00000000d8180000)
  from space 5120K, 99% used [0x00000000d8680000,0x00000000d8b7c020,0x00000000d8b80000)
  to   space 5120K, 0% used [0x00000000d8180000,0x00000000d8180000,0x00000000d8680000)
 ParOldGen       total 86016K, used 7019K [0x0000000082400000, 0x0000000087800000, 0x00000000d6180000)
  object space 86016K, 8% used [0x0000000082400000,0x0000000082adaf30,0x0000000087800000)
 Metaspace       used 13139K, capacity 13480K, committed 13696K, reserved 1060864K
  class space    used 1419K, capacity 1554K, committed 1664K, reserved 1048576K
Event: 33.194 GC heap after
Heap after GC invocations=7 (full 2):
 PSYoungGen      total 37888K, used 1312K [0x00000000d6180000, 0x00000000dab80000, 0x0000000100000000)
  eden space 32768K, 0% used [0x00000000d6180000,0x00000000d6180000,0x00000000d8180000)
  from space 5120K, 25% used [0x00000000d8180000,0x00000000d82c8010,0x00000000d8680000)
  to   space 5120K, 0% used [0x00000000da680000,0x00000000da680000,0x00000000dab80000)
 ParOldGen       total 86016K, used 7027K [0x0000000082400000, 0x0000000087800000, 0x00000000d6180000)
  object space 86016K, 8% used [0x0000000082400000,0x0000000082adcf30,0x0000000087800000)
 Metaspace       used 13139K, capacity 13480K, committed 13696K, reserved 1060864K
  class space    used 1419K, capacity 1554K, committed 1664K, reserved 1048576K
}
Event: 33.820 GC heap before
{Heap before GC invocations=8 (full 2):
 PSYoungGen      total 37888K, used 34080K [0x00000000d6180000, 0x00000000dab80000, 0x0000000100000000)
  eden space 32768K, 100% used [0x00000000d6180000,0x00000000d8180000,0x00000000d8180000)
  from space 5120K, 25% used [0x00000000d8180000,0x00000000d82c8010,0x00000000d8680000)
  to   space 5120K, 0% used [0x00000000da680000,0x00000000da680000,0x00000000dab80000)
 ParOldGen       total 86016K, used 7027K [0x0000000082400000, 0x0000000087800000, 0x00000000d6180000)
  object space 86016K, 8% used [0x0000000082400000,0x0000000082adcf30,0x0000000087800000)
 Metaspace       used 13141K, capacity 13480K, committed 13696K, reserved 1060864K
  class space    used 1419K, capacity 1554K, committed 1664K, reserved 1048576K
Event: 33.839 GC heap after
Heap after GC invocations=8 (full 2):
 PSYoungGen      total 70656K, used 5092K [0x00000000d6180000, 0x00000000dab80000, 0x0000000100000000)
  eden space 65536K, 0% used [0x00000000d6180000,0x00000000d6180000,0x00000000da180000)
  from space 5120K, 99% used [0x00000000da680000,0x00000000dab790e0,0x00000000dab80000)
  to   space 5120K, 0% used [0x00000000da180000,0x00000000da180000,0x00000000da680000)
 ParOldGen       total 86016K, used 21664K [0x0000000082400000, 0x0000000087800000, 0x00000000d6180000)
  object space 86016K, 25% used [0x0000000082400000,0x0000000083928368,0x0000000087800000)
 Metaspace       used 13141K, capacity 13480K, committed 13696K, reserved 1060864K
  class space    used 1419K, capacity 1554K, committed 1664K, reserved 1048576K
}

